{"C:\\Users\\ACER\\OneDrive\\Documentos\\Estudo\\reprograma\\week-11-12\\elas\\src\\Empresa\\Empresa.js": {"path":"C:\\Users\\ACER\\OneDrive\\Documentos\\Estudo\\reprograma\\week-11-12\\elas\\src\\Empresa\\Empresa.js","statementMap":{"0":{"start":{"line":1,"column":16},"end":{"line":1,"column":45}},"1":{"start":{"line":2,"column":27},"end":{"line":2,"column":78}},"2":{"start":{"line":3,"column":22},"end":{"line":3,"column":63}},"3":{"start":{"line":4,"column":13},"end":{"line":4,"column":36}},"4":{"start":{"line":12,"column":4},"end":{"line":14,"column":5}},"5":{"start":{"line":13,"column":6},"end":{"line":13,"column":75}},"6":{"start":{"line":15,"column":4},"end":{"line":17,"column":5}},"7":{"start":{"line":16,"column":6},"end":{"line":16,"column":75}},"8":{"start":{"line":18,"column":4},"end":{"line":20,"column":5}},"9":{"start":{"line":19,"column":6},"end":{"line":19,"column":102}},"10":{"start":{"line":21,"column":6},"end":{"line":21,"column":28}},"11":{"start":{"line":22,"column":6},"end":{"line":22,"column":37}},"12":{"start":{"line":23,"column":6},"end":{"line":23,"column":24}},"13":{"start":{"line":24,"column":6},"end":{"line":24,"column":37}},"14":{"start":{"line":25,"column":6},"end":{"line":25,"column":47}},"15":{"start":{"line":26,"column":6},"end":{"line":26,"column":23}},"16":{"start":{"line":27,"column":6},"end":{"line":27,"column":33}},"17":{"start":{"line":28,"column":6},"end":{"line":28,"column":37}},"18":{"start":{"line":29,"column":6},"end":{"line":29,"column":29}},"19":{"start":{"line":33,"column":4},"end":{"line":33,"column":22}},"20":{"start":{"line":37,"column":4},"end":{"line":37,"column":33}},"21":{"start":{"line":43,"column":4},"end":{"line":45,"column":5}},"22":{"start":{"line":44,"column":6},"end":{"line":44,"column":61}},"23":{"start":{"line":46,"column":4},"end":{"line":46,"column":46}},"24":{"start":{"line":47,"column":4},"end":{"line":47,"column":38}},"25":{"start":{"line":51,"column":0},"end":{"line":51,"column":25}}},"fnMap":{"0":{"name":"(anonymous_0)","decl":{"start":{"line":10,"column":2},"end":{"line":10,"column":3}},"loc":{"start":{"line":10,"column":103},"end":{"line":30,"column":3}},"line":10},"1":{"name":"(anonymous_1)","decl":{"start":{"line":32,"column":2},"end":{"line":32,"column":3}},"loc":{"start":{"line":32,"column":12},"end":{"line":34,"column":3}},"line":32},"2":{"name":"(anonymous_2)","decl":{"start":{"line":36,"column":2},"end":{"line":36,"column":3}},"loc":{"start":{"line":36,"column":18},"end":{"line":38,"column":3}},"line":36},"3":{"name":"(anonymous_3)","decl":{"start":{"line":40,"column":2},"end":{"line":40,"column":3}},"loc":{"start":{"line":40,"column":16},"end":{"line":40,"column":18}},"line":40},"4":{"name":"(anonymous_4)","decl":{"start":{"line":42,"column":2},"end":{"line":42,"column":3}},"loc":{"start":{"line":42,"column":21},"end":{"line":48,"column":3}},"line":42}},"branchMap":{"0":{"loc":{"start":{"line":12,"column":4},"end":{"line":14,"column":5}},"type":"if","locations":[{"start":{"line":12,"column":4},"end":{"line":14,"column":5}},{"start":{},"end":{}}],"line":12},"1":{"loc":{"start":{"line":15,"column":4},"end":{"line":17,"column":5}},"type":"if","locations":[{"start":{"line":15,"column":4},"end":{"line":17,"column":5}},{"start":{},"end":{}}],"line":15},"2":{"loc":{"start":{"line":18,"column":4},"end":{"line":20,"column":5}},"type":"if","locations":[{"start":{"line":18,"column":4},"end":{"line":20,"column":5}},{"start":{},"end":{}}],"line":18},"3":{"loc":{"start":{"line":43,"column":4},"end":{"line":45,"column":5}},"type":"if","locations":[{"start":{"line":43,"column":4},"end":{"line":45,"column":5}},{"start":{},"end":{}}],"line":43}},"s":{"0":1,"1":1,"2":1,"3":1,"4":5,"5":2,"6":3,"7":0,"8":3,"9":0,"10":3,"11":3,"12":3,"13":3,"14":3,"15":3,"16":3,"17":3,"18":3,"19":0,"20":0,"21":0,"22":0,"23":0,"24":0,"25":1},"f":{"0":5,"1":0,"2":0,"3":0,"4":0},"b":{"0":[2,3],"1":[0,3],"2":[0,3],"3":[0,0]},"_coverageSchema":"1a1c01bbd47fc00a2c39e90264f33305004495a9","hash":"20d3717bb8beb922c6d2276670885dd33cbe4107"}
,"C:\\Users\\ACER\\OneDrive\\Documentos\\Estudo\\reprograma\\week-11-12\\elas\\src\\Experiencia\\Experiencia.js": {"path":"C:\\Users\\ACER\\OneDrive\\Documentos\\Estudo\\reprograma\\week-11-12\\elas\\src\\Experiencia\\Experiencia.js","statementMap":{"0":{"start":{"line":1,"column":22},"end":{"line":1,"column":63}},"1":{"start":{"line":6,"column":4},"end":{"line":8,"column":5}},"2":{"start":{"line":7,"column":6},"end":{"line":7,"column":113}},"3":{"start":{"line":9,"column":4},"end":{"line":9,"column":35}},"4":{"start":{"line":10,"column":4},"end":{"line":10,"column":23}},"5":{"start":{"line":11,"column":4},"end":{"line":11,"column":33}},"6":{"start":{"line":12,"column":4},"end":{"line":12,"column":31}},"7":{"start":{"line":13,"column":4},"end":{"line":13,"column":30}},"8":{"start":{"line":14,"column":4},"end":{"line":14,"column":38}},"9":{"start":{"line":18,"column":0},"end":{"line":18,"column":29}}},"fnMap":{"0":{"name":"(anonymous_0)","decl":{"start":{"line":5,"column":2},"end":{"line":5,"column":3}},"loc":{"start":{"line":5,"column":83},"end":{"line":15,"column":3}},"line":5}},"branchMap":{"0":{"loc":{"start":{"line":6,"column":4},"end":{"line":8,"column":5}},"type":"if","locations":[{"start":{"line":6,"column":4},"end":{"line":8,"column":5}},{"start":{},"end":{}}],"line":6}},"s":{"0":1,"1":2,"2":1,"3":1,"4":1,"5":1,"6":1,"7":1,"8":1,"9":1},"f":{"0":2},"b":{"0":[1,1]},"_coverageSchema":"1a1c01bbd47fc00a2c39e90264f33305004495a9","hash":"f6f1d6e6ce1aacb5d480e95b8a1062e8c5acb152"}
,"C:\\Users\\ACER\\OneDrive\\Documentos\\Estudo\\reprograma\\week-11-12\\elas\\src\\Profissional\\Profissional.js": {"path":"C:\\Users\\ACER\\OneDrive\\Documentos\\Estudo\\reprograma\\week-11-12\\elas\\src\\Profissional\\Profissional.js","statementMap":{"0":{"start":{"line":1,"column":16},"end":{"line":1,"column":49}},"1":{"start":{"line":2,"column":22},"end":{"line":2,"column":67}},"2":{"start":{"line":7,"column":4},"end":{"line":9,"column":5}},"3":{"start":{"line":8,"column":6},"end":{"line":8,"column":87}},"4":{"start":{"line":10,"column":4},"end":{"line":12,"column":5}},"5":{"start":{"line":11,"column":6},"end":{"line":11,"column":80}},"6":{"start":{"line":13,"column":4},"end":{"line":15,"column":5}},"7":{"start":{"line":14,"column":6},"end":{"line":14,"column":99}},"8":{"start":{"line":16,"column":6},"end":{"line":16,"column":28}},"9":{"start":{"line":17,"column":6},"end":{"line":17,"column":39}},"10":{"start":{"line":18,"column":6},"end":{"line":18,"column":31}},"11":{"start":{"line":19,"column":6},"end":{"line":19,"column":37}},"12":{"start":{"line":20,"column":6},"end":{"line":20,"column":25}},"13":{"start":{"line":21,"column":6},"end":{"line":21,"column":33}},"14":{"start":{"line":22,"column":6},"end":{"line":22,"column":29}},"15":{"start":{"line":23,"column":6},"end":{"line":23,"column":41}},"16":{"start":{"line":24,"column":6},"end":{"line":24,"column":29}},"17":{"start":{"line":25,"column":6},"end":{"line":25,"column":36}},"18":{"start":{"line":29,"column":4},"end":{"line":29,"column":33}},"19":{"start":{"line":33,"column":4},"end":{"line":33,"column":44}},"20":{"start":{"line":40,"column":0},"end":{"line":40,"column":30}}},"fnMap":{"0":{"name":"(anonymous_0)","decl":{"start":{"line":5,"column":2},"end":{"line":5,"column":3}},"loc":{"start":{"line":5,"column":93},"end":{"line":26,"column":3}},"line":5},"1":{"name":"(anonymous_1)","decl":{"start":{"line":28,"column":2},"end":{"line":28,"column":3}},"loc":{"start":{"line":28,"column":28},"end":{"line":30,"column":3}},"line":28},"2":{"name":"(anonymous_2)","decl":{"start":{"line":32,"column":2},"end":{"line":32,"column":3}},"loc":{"start":{"line":32,"column":40},"end":{"line":34,"column":3}},"line":32},"3":{"name":"(anonymous_3)","decl":{"start":{"line":36,"column":2},"end":{"line":36,"column":3}},"loc":{"start":{"line":36,"column":21},"end":{"line":36,"column":23}},"line":36},"4":{"name":"(anonymous_4)","decl":{"start":{"line":37,"column":2},"end":{"line":37,"column":3}},"loc":{"start":{"line":37,"column":23},"end":{"line":37,"column":25}},"line":37}},"branchMap":{"0":{"loc":{"start":{"line":7,"column":4},"end":{"line":9,"column":5}},"type":"if","locations":[{"start":{"line":7,"column":4},"end":{"line":9,"column":5}},{"start":{},"end":{}}],"line":7},"1":{"loc":{"start":{"line":10,"column":4},"end":{"line":12,"column":5}},"type":"if","locations":[{"start":{"line":10,"column":4},"end":{"line":12,"column":5}},{"start":{},"end":{}}],"line":10},"2":{"loc":{"start":{"line":13,"column":4},"end":{"line":15,"column":5}},"type":"if","locations":[{"start":{"line":13,"column":4},"end":{"line":15,"column":5}},{"start":{},"end":{}}],"line":13}},"s":{"0":1,"1":1,"2":2,"3":0,"4":2,"5":0,"6":2,"7":0,"8":2,"9":2,"10":2,"11":2,"12":2,"13":2,"14":2,"15":2,"16":2,"17":2,"18":0,"19":0,"20":1},"f":{"0":2,"1":0,"2":0,"3":0,"4":0},"b":{"0":[0,2],"1":[0,2],"2":[0,2]},"_coverageSchema":"1a1c01bbd47fc00a2c39e90264f33305004495a9","hash":"625a525448562d6044d5b9339bc30e3f9af2343b"}
,"C:\\Users\\ACER\\OneDrive\\Documentos\\Estudo\\reprograma\\week-11-12\\elas\\src\\Qualificacoes\\Qualificacoes.js": {"path":"C:\\Users\\ACER\\OneDrive\\Documentos\\Estudo\\reprograma\\week-11-12\\elas\\src\\Qualificacoes\\Qualificacoes.js","statementMap":{"0":{"start":{"line":4,"column":4},"end":{"line":4,"column":23}},"1":{"start":{"line":5,"column":4},"end":{"line":5,"column":21}},"2":{"start":{"line":6,"column":4},"end":{"line":6,"column":26}},"3":{"start":{"line":10,"column":4},"end":{"line":10,"column":38}},"4":{"start":{"line":14,"column":0},"end":{"line":14,"column":31}}},"fnMap":{"0":{"name":"(anonymous_0)","decl":{"start":{"line":3,"column":2},"end":{"line":3,"column":3}},"loc":{"start":{"line":3,"column":27},"end":{"line":7,"column":3}},"line":3},"1":{"name":"(anonymous_1)","decl":{"start":{"line":9,"column":2},"end":{"line":9,"column":3}},"loc":{"start":{"line":9,"column":34},"end":{"line":11,"column":3}},"line":9}},"branchMap":{},"s":{"0":11,"1":11,"2":11,"3":1,"4":5},"f":{"0":11,"1":1},"b":{},"_coverageSchema":"1a1c01bbd47fc00a2c39e90264f33305004495a9","hash":"8f230a2d59d01713fcc94d5686571e3d93c87f86"}
,"C:\\Users\\ACER\\OneDrive\\Documentos\\Estudo\\reprograma\\week-11-12\\elas\\src\\ResponsavelEmpresa\\ResponsavelEmpresa.js": {"path":"C:\\Users\\ACER\\OneDrive\\Documentos\\Estudo\\reprograma\\week-11-12\\elas\\src\\ResponsavelEmpresa\\ResponsavelEmpresa.js","statementMap":{"0":{"start":{"line":8,"column":4},"end":{"line":8,"column":21}},"1":{"start":{"line":9,"column":4},"end":{"line":9,"column":23}},"2":{"start":{"line":10,"column":4},"end":{"line":10,"column":24}},"3":{"start":{"line":11,"column":4},"end":{"line":11,"column":30}},"4":{"start":{"line":14,"column":4},"end":{"line":14,"column":23}},"5":{"start":{"line":18,"column":4},"end":{"line":18,"column":26}},"6":{"start":{"line":22,"column":0},"end":{"line":22,"column":36}}},"fnMap":{"0":{"name":"(anonymous_0)","decl":{"start":{"line":7,"column":2},"end":{"line":7,"column":3}},"loc":{"start":{"line":7,"column":44},"end":{"line":12,"column":3}},"line":7},"1":{"name":"(anonymous_1)","decl":{"start":{"line":13,"column":2},"end":{"line":13,"column":3}},"loc":{"start":{"line":13,"column":13},"end":{"line":15,"column":3}},"line":13},"2":{"name":"(anonymous_2)","decl":{"start":{"line":17,"column":2},"end":{"line":17,"column":3}},"loc":{"start":{"line":17,"column":16},"end":{"line":19,"column":3}},"line":17}},"branchMap":{},"s":{"0":5,"1":5,"2":5,"3":5,"4":1,"5":1,"6":2},"f":{"0":5,"1":1,"2":1},"b":{},"_coverageSchema":"1a1c01bbd47fc00a2c39e90264f33305004495a9","hash":"2a6d97010db8e6d3222bde3687f3a6101790cc25"}
,"C:\\Users\\ACER\\OneDrive\\Documentos\\Estudo\\reprograma\\week-11-12\\elas\\src\\Usuario\\Usuario.js": {"path":"C:\\Users\\ACER\\OneDrive\\Documentos\\Estudo\\reprograma\\week-11-12\\elas\\src\\Usuario\\Usuario.js","statementMap":{"0":{"start":{"line":7,"column":4},"end":{"line":7,"column":23}},"1":{"start":{"line":8,"column":4},"end":{"line":8,"column":23}},"2":{"start":{"line":9,"column":4},"end":{"line":9,"column":21}},"3":{"start":{"line":13,"column":4},"end":{"line":13,"column":23}},"4":{"start":{"line":17,"column":4},"end":{"line":17,"column":23}},"5":{"start":{"line":21,"column":4},"end":{"line":21,"column":28}},"6":{"start":{"line":25,"column":4},"end":{"line":25,"column":22}},"7":{"start":{"line":29,"column":23},"end":{"line":29,"column":68}},"8":{"start":{"line":30,"column":4},"end":{"line":39,"column":5}},"9":{"start":{"line":31,"column":6},"end":{"line":31,"column":26}},"10":{"start":{"line":32,"column":6},"end":{"line":32,"column":26}},"11":{"start":{"line":33,"column":6},"end":{"line":33,"column":24}},"12":{"start":{"line":34,"column":6},"end":{"line":34,"column":42}},"13":{"start":{"line":36,"column":6},"end":{"line":38,"column":8}},"14":{"start":{"line":43,"column":0},"end":{"line":43,"column":25}}},"fnMap":{"0":{"name":"(anonymous_0)","decl":{"start":{"line":6,"column":2},"end":{"line":6,"column":3}},"loc":{"start":{"line":6,"column":35},"end":{"line":10,"column":3}},"line":6},"1":{"name":"(anonymous_1)","decl":{"start":{"line":12,"column":2},"end":{"line":12,"column":3}},"loc":{"start":{"line":12,"column":13},"end":{"line":14,"column":3}},"line":12},"2":{"name":"(anonymous_2)","decl":{"start":{"line":16,"column":2},"end":{"line":16,"column":3}},"loc":{"start":{"line":16,"column":13},"end":{"line":18,"column":3}},"line":16},"3":{"name":"(anonymous_3)","decl":{"start":{"line":20,"column":2},"end":{"line":20,"column":3}},"loc":{"start":{"line":20,"column":22},"end":{"line":22,"column":3}},"line":20},"4":{"name":"(anonymous_4)","decl":{"start":{"line":24,"column":2},"end":{"line":24,"column":3}},"loc":{"start":{"line":24,"column":19},"end":{"line":26,"column":3}},"line":24},"5":{"name":"(anonymous_5)","decl":{"start":{"line":28,"column":2},"end":{"line":28,"column":3}},"loc":{"start":{"line":28,"column":35},"end":{"line":40,"column":3}},"line":28}},"branchMap":{"0":{"loc":{"start":{"line":29,"column":23},"end":{"line":29,"column":68}},"type":"binary-expr","locations":[{"start":{"line":29,"column":23},"end":{"line":29,"column":46}},{"start":{"line":29,"column":50},"end":{"line":29,"column":68}}],"line":29},"1":{"loc":{"start":{"line":30,"column":4},"end":{"line":39,"column":5}},"type":"if","locations":[{"start":{"line":30,"column":4},"end":{"line":39,"column":5}},{"start":{"line":35,"column":11},"end":{"line":39,"column":5}}],"line":30}},"s":{"0":11,"1":11,"2":11,"3":1,"4":2,"5":1,"6":7,"7":4,"8":4,"9":3,"10":3,"11":3,"12":3,"13":1,"14":3},"f":{"0":11,"1":1,"2":2,"3":1,"4":7,"5":4},"b":{"0":[4,1],"1":[3,1]},"_coverageSchema":"1a1c01bbd47fc00a2c39e90264f33305004495a9","hash":"f3cfda8384b58b152cd2e3441987478fc1a56873"}
,"C:\\Users\\ACER\\OneDrive\\Documentos\\Estudo\\reprograma\\week-11-12\\elas\\src\\Vaga\\Vaga.js": {"path":"C:\\Users\\ACER\\OneDrive\\Documentos\\Estudo\\reprograma\\week-11-12\\elas\\src\\Vaga\\Vaga.js","statementMap":{"0":{"start":{"line":1,"column":22},"end":{"line":1,"column":67}},"1":{"start":{"line":6,"column":4},"end":{"line":8,"column":5}},"2":{"start":{"line":7,"column":6},"end":{"line":7,"column":106}},"3":{"start":{"line":9,"column":4},"end":{"line":9,"column":23}},"4":{"start":{"line":10,"column":4},"end":{"line":10,"column":27}},"5":{"start":{"line":11,"column":4},"end":{"line":11,"column":33}},"6":{"start":{"line":12,"column":4},"end":{"line":12,"column":25}},"7":{"start":{"line":13,"column":4},"end":{"line":13,"column":44}},"8":{"start":{"line":14,"column":4},"end":{"line":14,"column":38}},"9":{"start":{"line":15,"column":4},"end":{"line":15,"column":38}},"10":{"start":{"line":19,"column":4},"end":{"line":19,"column":23}},"11":{"start":{"line":23,"column":4},"end":{"line":23,"column":30}},"12":{"start":{"line":27,"column":4},"end":{"line":27,"column":35}},"13":{"start":{"line":31,"column":0},"end":{"line":31,"column":22}}},"fnMap":{"0":{"name":"(anonymous_0)","decl":{"start":{"line":5,"column":2},"end":{"line":5,"column":3}},"loc":{"start":{"line":5,"column":75},"end":{"line":16,"column":3}},"line":5},"1":{"name":"(anonymous_1)","decl":{"start":{"line":18,"column":2},"end":{"line":18,"column":3}},"loc":{"start":{"line":18,"column":13},"end":{"line":20,"column":3}},"line":18},"2":{"name":"(anonymous_2)","decl":{"start":{"line":22,"column":2},"end":{"line":22,"column":3}},"loc":{"start":{"line":22,"column":24},"end":{"line":24,"column":3}},"line":22},"3":{"name":"(anonymous_3)","decl":{"start":{"line":26,"column":2},"end":{"line":26,"column":3}},"loc":{"start":{"line":26,"column":31},"end":{"line":28,"column":3}},"line":26}},"branchMap":{"0":{"loc":{"start":{"line":6,"column":4},"end":{"line":8,"column":5}},"type":"if","locations":[{"start":{"line":6,"column":4},"end":{"line":8,"column":5}},{"start":{},"end":{}}],"line":6}},"s":{"0":2,"1":7,"2":1,"3":6,"4":6,"5":6,"6":6,"7":6,"8":6,"9":6,"10":2,"11":1,"12":1,"13":2},"f":{"0":7,"1":2,"2":1,"3":1},"b":{"0":[1,6]},"_coverageSchema":"1a1c01bbd47fc00a2c39e90264f33305004495a9","hash":"c18151bb8ca982abe135ef1ba57dce84dc0da162"}
}
