TN:
SF:src\Empresa\Empresa.js
FN:10,(anonymous_0)
FN:32,(anonymous_1)
FN:36,(anonymous_2)
FN:40,(anonymous_3)
FN:42,(anonymous_4)
FNF:5
FNH:1
FNDA:5,(anonymous_0)
FNDA:0,(anonymous_1)
FNDA:0,(anonymous_2)
FNDA:0,(anonymous_3)
FNDA:0,(anonymous_4)
DA:1,1
DA:2,1
DA:3,1
DA:4,1
DA:12,5
DA:13,2
DA:15,3
DA:16,0
DA:18,3
DA:19,0
DA:21,3
DA:22,3
DA:23,3
DA:24,3
DA:25,3
DA:26,3
DA:27,3
DA:28,3
DA:29,3
DA:33,0
DA:37,0
DA:43,0
DA:44,0
DA:46,0
DA:47,0
DA:51,1
LF:26
LH:18
BRDA:12,0,0,2
BRDA:12,0,1,3
BRDA:15,1,0,0
BRDA:15,1,1,3
BRDA:18,2,0,0
BRDA:18,2,1,3
BRDA:43,3,0,0
BRDA:43,3,1,0
BRF:8
BRH:4
end_of_record
TN:
SF:src\Experiencia\Experiencia.js
FN:5,(anonymous_0)
FNF:1
FNH:1
FNDA:2,(anonymous_0)
DA:1,1
DA:6,2
DA:7,1
DA:9,1
DA:10,1
DA:11,1
DA:12,1
DA:13,1
DA:14,1
DA:18,1
LF:10
LH:10
BRDA:6,0,0,1
BRDA:6,0,1,1
BRF:2
BRH:2
end_of_record
TN:
SF:src\Profissional\Profissional.js
FN:5,(anonymous_0)
FN:28,(anonymous_1)
FN:32,(anonymous_2)
FN:36,(anonymous_3)
FN:37,(anonymous_4)
FNF:5
FNH:1
FNDA:2,(anonymous_0)
FNDA:0,(anonymous_1)
FNDA:0,(anonymous_2)
FNDA:0,(anonymous_3)
FNDA:0,(anonymous_4)
DA:1,1
DA:2,1
DA:7,2
DA:8,0
DA:10,2
DA:11,0
DA:13,2
DA:14,0
DA:16,2
DA:17,2
DA:18,2
DA:19,2
DA:20,2
DA:21,2
DA:22,2
DA:23,2
DA:24,2
DA:25,2
DA:29,0
DA:33,0
DA:40,1
LF:21
LH:16
BRDA:7,0,0,0
BRDA:7,0,1,2
BRDA:10,1,0,0
BRDA:10,1,1,2
BRDA:13,2,0,0
BRDA:13,2,1,2
BRF:6
BRH:3
end_of_record
TN:
SF:src\Qualificacoes\Qualificacoes.js
FN:3,(anonymous_0)
FN:9,(anonymous_1)
FNF:2
FNH:2
FNDA:11,(anonymous_0)
FNDA:1,(anonymous_1)
DA:4,11
DA:5,11
DA:6,11
DA:10,1
DA:14,5
LF:5
LH:5
BRF:0
BRH:0
end_of_record
TN:
SF:src\ResponsavelEmpresa\ResponsavelEmpresa.js
FN:7,(anonymous_0)
FN:13,(anonymous_1)
FN:17,(anonymous_2)
FNF:3
FNH:3
FNDA:5,(anonymous_0)
FNDA:1,(anonymous_1)
FNDA:1,(anonymous_2)
DA:8,5
DA:9,5
DA:10,5
DA:11,5
DA:14,1
DA:18,1
DA:22,2
LF:7
LH:7
BRF:0
BRH:0
end_of_record
TN:
SF:src\Usuario\Usuario.js
FN:6,(anonymous_0)
FN:12,(anonymous_1)
FN:16,(anonymous_2)
FN:20,(anonymous_3)
FN:24,(anonymous_4)
FN:28,(anonymous_5)
FNF:6
FNH:6
FNDA:11,(anonymous_0)
FNDA:1,(anonymous_1)
FNDA:2,(anonymous_2)
FNDA:1,(anonymous_3)
FNDA:7,(anonymous_4)
FNDA:4,(anonymous_5)
DA:7,11
DA:8,11
DA:9,11
DA:13,1
DA:17,2
DA:21,1
DA:25,7
DA:29,4
DA:30,4
DA:31,3
DA:32,3
DA:33,3
DA:34,3
DA:36,1
DA:43,3
LF:15
LH:15
BRDA:29,0,0,4
BRDA:29,0,1,1
BRDA:30,1,0,3
BRDA:30,1,1,1
BRF:4
BRH:4
end_of_record
TN:
SF:src\Vaga\Vaga.js
FN:5,(anonymous_0)
FN:18,(anonymous_1)
FN:22,(anonymous_2)
FN:26,(anonymous_3)
FNF:4
FNH:4
FNDA:7,(anonymous_0)
FNDA:2,(anonymous_1)
FNDA:1,(anonymous_2)
FNDA:1,(anonymous_3)
DA:1,2
DA:6,7
DA:7,1
DA:9,6
DA:10,6
DA:11,6
DA:12,6
DA:13,6
DA:14,6
DA:15,6
DA:19,2
DA:23,1
DA:27,1
DA:31,2
LF:14
LH:14
BRDA:6,0,0,1
BRDA:6,0,1,6
BRF:2
BRH:2
end_of_record
