TN:
SF:src\Empresa\Empresa.js
FN:9,(anonymous_0)
FN:41,(anonymous_1)
FN:45,(anonymous_2)
FN:52,(anonymous_3)
FNF:4
FNH:4
FNDA:12,(anonymous_0)
FNDA:1,(anonymous_1)
FNDA:2,(anonymous_2)
FNDA:3,(anonymous_3)
DA:1,1
DA:2,1
DA:3,1
DA:19,12
DA:20,1
DA:22,11
DA:23,1
DA:25,10
DA:26,1
DA:30,9
DA:31,9
DA:32,9
DA:33,9
DA:34,9
DA:35,9
DA:36,9
DA:37,9
DA:38,9
DA:42,1
DA:46,2
DA:47,1
DA:49,1
DA:53,3
DA:54,1
DA:56,2
DA:60,1
LF:26
LH:26
BRDA:19,0,0,1
BRDA:19,0,1,11
BRDA:22,1,0,1
BRDA:22,1,1,10
BRDA:25,2,0,1
BRDA:25,2,1,9
BRDA:46,3,0,1
BRDA:46,3,1,1
BRDA:53,4,0,1
BRDA:53,4,1,2
BRF:10
BRH:10
end_of_record
TN:
SF:src\Experiencia\Experiencia.js
FN:5,(anonymous_0)
FNF:1
FNH:1
FNDA:11,(anonymous_0)
DA:1,2
DA:6,11
DA:7,1
DA:9,10
DA:10,10
DA:11,10
DA:12,10
DA:13,10
DA:14,10
DA:18,2
DA:20,2
DA:21,2
LF:12
LH:12
BRDA:6,0,0,1
BRDA:6,0,1,10
BRF:2
BRH:2
end_of_record
TN:
SF:src\Profissional\Profissional.js
FN:5,(anonymous_0)
FN:28,(anonymous_1)
FN:32,(anonymous_2)
FN:36,(anonymous_3)
FN:37,(anonymous_4)
FNF:5
FNH:3
FNDA:9,(anonymous_0)
FNDA:1,(anonymous_1)
FNDA:1,(anonymous_2)
FNDA:0,(anonymous_3)
FNDA:0,(anonymous_4)
DA:1,1
DA:2,1
DA:7,9
DA:8,1
DA:10,8
DA:11,1
DA:13,7
DA:14,1
DA:16,6
DA:17,6
DA:18,6
DA:19,6
DA:20,6
DA:21,6
DA:22,6
DA:23,6
DA:24,6
DA:25,6
DA:29,1
DA:33,1
DA:40,1
LF:21
LH:21
BRDA:7,0,0,1
BRDA:7,0,1,8
BRDA:10,1,0,1
BRDA:10,1,1,7
BRDA:13,2,0,1
BRDA:13,2,1,6
BRF:6
BRH:6
end_of_record
TN:
SF:src\Qualificacoes\Qualificacoes.js
FN:3,(anonymous_0)
FN:9,(anonymous_1)
FNF:2
FNH:2
FNDA:27,(anonymous_0)
FNDA:1,(anonymous_1)
DA:4,27
DA:5,27
DA:6,27
DA:10,1
DA:14,5
LF:5
LH:5
BRF:0
BRH:0
end_of_record
TN:
SF:src\ResponsavelEmpresa\ResponsavelEmpresa.js
FN:7,(anonymous_0)
FN:13,(anonymous_1)
FN:17,(anonymous_2)
FNF:3
FNH:3
FNDA:11,(anonymous_0)
FNDA:1,(anonymous_1)
FNDA:1,(anonymous_2)
DA:8,11
DA:9,11
DA:10,11
DA:11,11
DA:14,1
DA:18,1
DA:22,2
LF:7
LH:7
BRF:0
BRH:0
end_of_record
TN:
SF:src\Usuario\Usuario.js
FN:6,(anonymous_0)
FN:12,(anonymous_1)
FN:16,(anonymous_2)
FN:20,(anonymous_3)
FN:24,(anonymous_4)
FN:28,(anonymous_5)
FNF:6
FNH:6
FNDA:22,(anonymous_0)
FNDA:1,(anonymous_1)
FNDA:2,(anonymous_2)
FNDA:1,(anonymous_3)
FNDA:20,(anonymous_4)
FNDA:4,(anonymous_5)
DA:7,22
DA:8,22
DA:9,22
DA:13,1
DA:17,2
DA:21,1
DA:25,20
DA:29,4
DA:30,4
DA:31,3
DA:32,3
DA:33,3
DA:34,3
DA:36,1
DA:43,3
LF:15
LH:15
BRDA:29,0,0,4
BRDA:29,0,1,1
BRDA:30,1,0,3
BRDA:30,1,1,1
BRF:4
BRH:4
end_of_record
TN:
SF:src\Vaga\Vaga.js
FN:5,(anonymous_0)
FN:18,(anonymous_1)
FN:22,(anonymous_2)
FN:26,(anonymous_3)
FNF:4
FNH:4
FNDA:16,(anonymous_0)
FNDA:6,(anonymous_1)
FNDA:3,(anonymous_2)
FNDA:1,(anonymous_3)
DA:1,2
DA:6,16
DA:7,1
DA:9,15
DA:10,15
DA:11,15
DA:12,15
DA:13,15
DA:14,15
DA:15,15
DA:19,6
DA:23,3
DA:27,1
DA:31,2
LF:14
LH:14
BRDA:6,0,0,1
BRDA:6,0,1,15
BRF:2
BRH:2
end_of_record
